<?xml version="1.0" encoding="UTF-8"?>
<testng-results ignored="0" total="3" passed="2" failed="1" skipped="0">
  <reporter-output>
  </reporter-output>
  <suite started-at="2024-03-13T22:16:02 IST" name="Suite" finished-at="2024-03-13T22:16:45 IST" duration-ms="42840">
    <groups>
    </groups>
    <test started-at="2024-03-13T22:16:02 IST" name="Test" finished-at="2024-03-13T22:16:45 IST" duration-ms="42840">
      <class name="Login_Functionality.LoginTest">
        <test-method is-config="true" signature="Setup()[pri:0, instance:Login_Functionality.LoginTest@4218d6a3]" started-at="2024-03-13T22:16:02 IST" name="Setup" finished-at="2024-03-13T22:16:04 IST" duration-ms="1604" status="PASS">
          <reporter-output>
          </reporter-output>
        </test-method> <!-- Setup -->
        <test-method signature="Login()[pri:0, instance:Login_Functionality.LoginTest@4218d6a3]" started-at="2024-03-13T22:16:04 IST" name="Login" finished-at="2024-03-13T22:16:22 IST" duration-ms="17978" status="PASS">
          <reporter-output>
          </reporter-output>
        </test-method> <!-- Login -->
        <test-method signature="BalanceCheck()[pri:1, instance:Login_Functionality.LoginTest@4218d6a3]" started-at="2024-03-13T22:16:22 IST" name="BalanceCheck" finished-at="2024-03-13T22:16:29 IST" duration-ms="7291" status="PASS">
          <reporter-output>
          </reporter-output>
        </test-method> <!-- BalanceCheck -->
        <test-method signature="Deposit()[pri:2, instance:Login_Functionality.LoginTest@4218d6a3]" started-at="2024-03-13T22:16:29 IST" name="Deposit" finished-at="2024-03-13T22:16:45 IST" duration-ms="15534" status="FAIL">
          <exception class="java.lang.AssertionError">
            <message>
              <![CDATA[expected [Deposit Successful] but found []]]>
            </message>
            <full-stacktrace>
              <![CDATA[java.lang.AssertionError: expected [Deposit Successful] but found []
at org.testng.Assert.fail(Assert.java:111)
at org.testng.Assert.failNotEquals(Assert.java:1578)
at org.testng.Assert.assertEqualsImpl(Assert.java:150)
at org.testng.Assert.assertEquals(Assert.java:132)
at org.testng.Assert.assertEquals(Assert.java:656)
at org.testng.Assert.assertEquals(Assert.java:666)
at Login_Functionality.LoginTest.Deposit(LoginTest.java:99)
at java.base/jdk.internal.reflect.NativeMethodAccessorImpl.invoke0(Native Method)
at java.base/jdk.internal.reflect.NativeMethodAccessorImpl.invoke(NativeMethodAccessorImpl.java:77)
at java.base/jdk.internal.reflect.DelegatingMethodAccessorImpl.invoke(DelegatingMethodAccessorImpl.java:43)
at java.base/java.lang.reflect.Method.invoke(Method.java:568)
at org.testng.internal.invokers.MethodInvocationHelper.invokeMethod(MethodInvocationHelper.java:139)
at org.testng.internal.invokers.TestInvoker.invokeMethod(TestInvoker.java:664)
at org.testng.internal.invokers.TestInvoker.invokeTestMethod(TestInvoker.java:228)
at org.testng.internal.invokers.MethodRunner.runInSequence(MethodRunner.java:63)
at org.testng.internal.invokers.TestInvoker$MethodInvocationAgent.invoke(TestInvoker.java:961)
at org.testng.internal.invokers.TestInvoker.invokeTestMethods(TestInvoker.java:201)
at org.testng.internal.invokers.TestMethodWorker.invokeTestMethods(TestMethodWorker.java:148)
at org.testng.internal.invokers.TestMethodWorker.run(TestMethodWorker.java:128)
at java.base/java.util.concurrent.Executors$RunnableAdapter.call(Executors.java:539)
at java.base/java.util.concurrent.FutureTask.run(FutureTask.java:264)
at org.testng.internal.thread.graph.TestNGFutureTask.run(TestNGFutureTask.java:22)
at java.base/java.util.concurrent.ThreadPoolExecutor.runWorker(ThreadPoolExecutor.java:1136)
at java.base/java.util.concurrent.ThreadPoolExecutor$Worker.run(ThreadPoolExecutor.java:635)
at java.base/java.lang.Thread.run(Thread.java:833)
]]>
            </full-stacktrace>
          </exception> <!-- java.lang.AssertionError -->
          <reporter-output>
          </reporter-output>
        </test-method> <!-- Deposit -->
        <test-method is-config="true" signature="TearDown()[pri:0, instance:Login_Functionality.LoginTest@4218d6a3]" started-at="2024-03-13T22:16:45 IST" name="TearDown" finished-at="2024-03-13T22:16:45 IST" duration-ms="380" status="PASS">
          <reporter-output>
          </reporter-output>
        </test-method> <!-- TearDown -->
      </class> <!-- Login_Functionality.LoginTest -->
    </test> <!-- Test -->
  </suite> <!-- Suite -->
</testng-results>
